2025-07-06 02:27:20,253 - INFO - Starting Flask Security Monitor for NVC Banking Platform
2025-07-06 02:27:20,254 - INFO - Generating comprehensive security report...
2025-07-06 02:27:20,254 - INFO - Checking for security vulnerabilities...
2025-07-06 02:30:29,059 - INFO - Starting Flask Security Monitor for NVC Banking Platform
2025-07-06 02:30:29,060 - INFO - Generating comprehensive security report...
2025-07-06 02:30:29,060 - INFO - Checking for security vulnerabilities...
2025-07-06 02:30:31,326 - WARNING - pip-audit returned non-zero exit code: usage: pip-audit [-h] [-V] [-l] [-r REQUIREMENT] [--locked] [-f FORMAT]
                 [-s SERVICE] [-d] [-S] [--desc [{on,off,auto}]]
                 [--aliases [{on,off,auto}]] [--cache-dir CACHE_DIR]
                 [--progress-spinner {on,off}] [--timeout TIMEOUT]
                 [--path PATH] [-v] [--fix] [--require-hashes]
                 [--index-url INDEX_URL] [--extra-index-url URL]
                 [--skip-editable] [--no-deps] [-o FILE] [--ignore-vuln ID]
                 [--disable-pip]
                 [project_path]
pip-audit: error: The --no-deps flag can only be used with --requirement (-r)

2025-07-06 02:30:31,327 - INFO - Using fallback security check method...
2025-07-06 02:30:34,542 - INFO - Checking for outdated packages...
2025-07-06 02:31:13,219 - INFO - Starting Flask Security Monitor for NVC Banking Platform
2025-07-06 02:31:13,219 - INFO - Generating comprehensive security report...
2025-07-06 02:31:13,220 - INFO - Checking for security vulnerabilities...
